[2020-03-26T14:46:44.082] [ERROR] app - Load notes data error :  TypeError: Cannot read property 'find' of undefined
    at eval (webpack-internal:///./src/service/DataStorageService.ts:58:22)
    at new Promise (<anonymous>)
    at DataStorageService.loadData (webpack-internal:///./src/service/DataStorageService.ts:56:16)
    at VueComponent.Index.loadDatas (webpack-internal:///./node_modules/ts-loader/index.js?!./node_modules/vue-loader/lib/index.js?!./src/view/Index.vue?vue&type=script&lang=ts&:51:77)
    at VueComponent.Index.mounted (webpack-internal:///./node_modules/ts-loader/index.js?!./node_modules/vue-loader/lib/index.js?!./src/view/Index.vue?vue&type=script&lang=ts&:44:14)
    at invokeWithErrorHandling (webpack-internal:///./node_modules/vue/dist/vue.esm.js:1862:57)
    at callHook (webpack-internal:///./node_modules/vue/dist/vue.esm.js:4222:7)
    at Object.insert (webpack-internal:///./node_modules/vue/dist/vue.esm.js:3145:7)
    at invokeInsertHook (webpack-internal:///./node_modules/vue/dist/vue.esm.js:6347:28)
    at Vue.patch [as __patch__] (webpack-internal:///./node_modules/vue/dist/vue.esm.js:6566:5)
[2020-03-27T11:32:47.644] [ERROR] app - Load notes data error :  TypeError: Cannot read property 'find' of undefined
    at eval (webpack-internal:///./src/service/DataStorageService.ts:58:22)
    at new Promise (<anonymous>)
    at DataStorageService.loadData (webpack-internal:///./src/service/DataStorageService.ts:56:16)
    at VueComponent.Index.loadDatas (webpack-internal:///./node_modules/ts-loader/index.js?!./node_modules/vue-loader/lib/index.js?!./src/view/Index.vue?vue&type=script&lang=ts&:51:77)
    at VueComponent.Index.mounted (webpack-internal:///./node_modules/ts-loader/index.js?!./node_modules/vue-loader/lib/index.js?!./src/view/Index.vue?vue&type=script&lang=ts&:44:14)
    at invokeWithErrorHandling (webpack-internal:///./node_modules/vue/dist/vue.esm.js:1862:57)
    at callHook (webpack-internal:///./node_modules/vue/dist/vue.esm.js:4222:7)
    at Object.insert (webpack-internal:///./node_modules/vue/dist/vue.esm.js:3145:7)
    at invokeInsertHook (webpack-internal:///./node_modules/vue/dist/vue.esm.js:6347:28)
    at Vue.patch [as __patch__] (webpack-internal:///./node_modules/vue/dist/vue.esm.js:6566:5)
